2025-04-14 03:35:53,051 - werkzeug - INFO - [31m[1mWARNING: This is a development server. Do not use it in a production deployment. Use a production WSGI server instead.[0m
 * Running on http://127.0.0.1:5000
2025-04-14 03:35:53,051 - werkzeug - INFO - [33mPress CTRL+C to quit[0m
2025-04-14 03:35:53,068 - werkzeug - INFO -  * Restarting with watchdog (windowsapi)
2025-04-14 03:35:58,562 - werkzeug - WARNING -  * Debugger is active!
2025-04-14 03:35:58,578 - werkzeug - INFO -  * Debugger PIN: 398-706-576
2025-04-14 03:41:02,107 - werkzeug - INFO -  * Detected change in 'C:\\Users\\revanta.biswas\\Documents\\Projects\\interview-buddy\\backend\\app.py', reloading
2025-04-14 03:41:02,108 - werkzeug - INFO -  * Detected change in 'C:\\Users\\revanta.biswas\\Documents\\Projects\\interview-buddy\\backend\\run.py', reloading
2025-04-14 03:41:02,108 - werkzeug - INFO -  * Detected change in 'C:\\Users\\revanta.biswas\\Documents\\Projects\\interview-buddy\\backend\\app.py', reloading
2025-04-14 03:41:02,109 - werkzeug - INFO -  * Detected change in 'C:\\Users\\revanta.biswas\\Documents\\Projects\\interview-buddy\\backend\\run.py', reloading
2025-04-14 03:41:02,109 - werkzeug - INFO -  * Detected change in 'C:\\Users\\revanta.biswas\\Documents\\Projects\\interview-buddy\\backend\\run.py', reloading
2025-04-14 03:41:02,110 - werkzeug - INFO -  * Detected change in 'C:\\Users\\revanta.biswas\\Documents\\Projects\\interview-buddy\\backend\\utils.py', reloading
2025-04-14 03:41:02,110 - werkzeug - INFO -  * Detected change in 'C:\\Users\\revanta.biswas\\Documents\\Projects\\interview-buddy\\backend\\utils.py', reloading
2025-04-14 03:41:02,110 - werkzeug - INFO -  * Detected change in 'C:\\Users\\revanta.biswas\\Documents\\Projects\\interview-buddy\\backend\\utils.py', reloading
2025-04-14 03:41:02,122 - werkzeug - INFO -  * Detected change in 'C:\\Users\\revanta.biswas\\Documents\\Projects\\interview-buddy\\backend\\utils.py', reloading
2025-04-14 03:41:03,324 - werkzeug - INFO -  * Restarting with watchdog (windowsapi)
2025-04-14 03:41:21,929 - werkzeug - INFO - [31m[1mWARNING: This is a development server. Do not use it in a production deployment. Use a production WSGI server instead.[0m
 * Running on all addresses (0.0.0.0)
 * Running on http://127.0.0.1:5000
 * Running on http://192.168.1.252:5000
2025-04-14 03:41:21,929 - werkzeug - INFO - [33mPress CTRL+C to quit[0m
2025-04-14 03:41:21,943 - werkzeug - INFO -  * Restarting with watchdog (windowsapi)
2025-04-14 03:41:27,391 - werkzeug - WARNING -  * Debugger is active!
2025-04-14 03:41:27,402 - werkzeug - INFO -  * Debugger PIN: 398-706-576
2025-04-14 03:53:17,895 - werkzeug - INFO -  * Detected change in 'C:\\Users\\revanta.biswas\\Documents\\Projects\\interview-buddy\\backend\\app.py', reloading
2025-04-14 03:53:17,896 - werkzeug - INFO -  * Detected change in 'C:\\Users\\revanta.biswas\\Documents\\Projects\\interview-buddy\\backend\\app.py', reloading
2025-04-14 03:53:18,800 - werkzeug - INFO -  * Restarting with watchdog (windowsapi)
2025-04-14 03:53:24,818 - werkzeug - WARNING -  * Debugger is active!
2025-04-14 03:53:24,827 - werkzeug - INFO -  * Debugger PIN: 398-706-576
2025-04-14 03:56:41,841 - werkzeug - INFO -  * Detected change in 'C:\\Users\\revanta.biswas\\Documents\\Projects\\interview-buddy\\backend\\app.py', reloading
2025-04-14 03:56:41,842 - werkzeug - INFO -  * Detected change in 'C:\\Users\\revanta.biswas\\Documents\\Projects\\interview-buddy\\backend\\app.py', reloading
2025-04-14 03:56:43,060 - werkzeug - INFO -  * Restarting with watchdog (windowsapi)
2025-04-14 03:56:51,029 - werkzeug - WARNING -  * Debugger is active!
2025-04-14 03:56:51,033 - werkzeug - INFO -  * Debugger PIN: 398-706-576
2025-04-14 04:01:59,574 - werkzeug - INFO -  * Detected change in 'C:\\Users\\revanta.biswas\\Documents\\Projects\\interview-buddy\\backend\\app.py', reloading
2025-04-14 04:01:59,574 - werkzeug - INFO -  * Detected change in 'C:\\Users\\revanta.biswas\\Documents\\Projects\\interview-buddy\\backend\\app.py', reloading
2025-04-14 04:01:59,574 - werkzeug - INFO -  * Detected change in 'C:\\Users\\revanta.biswas\\Documents\\Projects\\interview-buddy\\backend\\app.py', reloading
2025-04-14 04:02:00,890 - werkzeug - INFO -  * Restarting with watchdog (windowsapi)
2025-04-14 04:02:09,111 - werkzeug - WARNING -  * Debugger is active!
2025-04-14 04:02:09,117 - werkzeug - INFO -  * Debugger PIN: 398-706-576
2025-04-14 04:04:31,427 - werkzeug - INFO - [31m[1mWARNING: This is a development server. Do not use it in a production deployment. Use a production WSGI server instead.[0m
 * Running on all addresses (0.0.0.0)
 * Running on http://127.0.0.1:5000
 * Running on http://192.168.1.252:5000
2025-04-14 04:04:31,427 - werkzeug - INFO - [33mPress CTRL+C to quit[0m
2025-04-14 04:04:31,431 - werkzeug - INFO -  * Restarting with watchdog (windowsapi)
2025-04-14 04:04:37,122 - werkzeug - WARNING -  * Debugger is active!
2025-04-14 04:04:37,129 - werkzeug - INFO -  * Debugger PIN: 398-706-576
2025-04-14 04:16:44,799 - werkzeug - INFO -  * Detected change in 'C:\\Users\\revanta.biswas\\Documents\\Projects\\interview-buddy\\backend\\app.py', reloading
2025-04-14 04:16:44,799 - werkzeug - INFO -  * Detected change in 'C:\\Users\\revanta.biswas\\Documents\\Projects\\interview-buddy\\backend\\app.py', reloading
2025-04-14 04:16:46,603 - werkzeug - INFO -  * Restarting with watchdog (windowsapi)
2025-04-14 04:16:52,474 - werkzeug - WARNING -  * Debugger is active!
2025-04-14 04:16:52,476 - werkzeug - INFO -  * Debugger PIN: 398-706-576
2025-04-14 04:19:56,199 - werkzeug - INFO -  * Detected change in 'C:\\Users\\revanta.biswas\\Documents\\Projects\\interview-buddy\\backend\\app.py', reloading
2025-04-14 04:19:56,199 - werkzeug - INFO -  * Detected change in 'C:\\Users\\revanta.biswas\\Documents\\Projects\\interview-buddy\\backend\\app.py', reloading
2025-04-14 04:19:56,199 - werkzeug - INFO -  * Detected change in 'C:\\Users\\revanta.biswas\\Documents\\Projects\\interview-buddy\\backend\\app.py', reloading
2025-04-14 04:19:57,447 - werkzeug - INFO -  * Restarting with watchdog (windowsapi)
2025-04-14 04:20:02,913 - werkzeug - WARNING -  * Debugger is active!
2025-04-14 04:20:02,917 - werkzeug - INFO -  * Debugger PIN: 398-706-576
2025-04-14 04:21:09,660 - werkzeug - INFO -  * Detected change in 'C:\\Users\\revanta.biswas\\Documents\\Projects\\interview-buddy\\backend\\utils\\file_utils.py', reloading
2025-04-14 04:21:11,121 - werkzeug - INFO -  * Restarting with watchdog (windowsapi)
2025-04-14 04:21:17,441 - werkzeug - WARNING -  * Debugger is active!
2025-04-14 04:21:17,444 - werkzeug - INFO -  * Debugger PIN: 398-706-576
2025-04-14 04:31:09,354 - werkzeug - INFO -  * Detected change in 'C:\\Users\\revanta.biswas\\Documents\\Projects\\interview-buddy\\backend\\utils.py', reloading
2025-04-14 04:31:09,354 - werkzeug - INFO -  * Detected change in 'C:\\Users\\revanta.biswas\\Documents\\Projects\\interview-buddy\\backend\\utils.py', reloading
2025-04-14 04:31:09,354 - werkzeug - INFO -  * Detected change in 'C:\\Users\\revanta.biswas\\Documents\\Projects\\interview-buddy\\backend\\utils.py', reloading
2025-04-14 04:31:11,002 - werkzeug - INFO -  * Restarting with watchdog (windowsapi)
2025-04-14 04:31:16,435 - werkzeug - WARNING -  * Debugger is active!
2025-04-14 04:31:16,455 - werkzeug - INFO -  * Debugger PIN: 398-706-576
2025-04-14 04:39:06,045 - werkzeug - INFO -  * Detected change in 'C:\\Users\\revanta.biswas\\Documents\\Projects\\interview-buddy\\backend\\app.py', reloading
2025-04-14 04:39:06,045 - werkzeug - INFO -  * Detected change in 'C:\\Users\\revanta.biswas\\Documents\\Projects\\interview-buddy\\backend\\app.py', reloading
2025-04-14 04:39:06,045 - werkzeug - INFO -  * Detected change in 'C:\\Users\\revanta.biswas\\Documents\\Projects\\interview-buddy\\backend\\utils.py', reloading
2025-04-14 04:39:06,045 - werkzeug - INFO -  * Detected change in 'C:\\Users\\revanta.biswas\\Documents\\Projects\\interview-buddy\\backend\\utils.py', reloading
2025-04-14 04:39:07,388 - werkzeug - INFO -  * Restarting with watchdog (windowsapi)
2025-04-14 04:39:13,553 - werkzeug - WARNING -  * Debugger is active!
2025-04-14 04:39:13,570 - werkzeug - INFO -  * Debugger PIN: 398-706-576
2025-04-14 04:41:12,206 - werkzeug - INFO -  * Detected change in 'C:\\Users\\revanta.biswas\\Documents\\Projects\\interview-buddy\\backend\\utils.py', reloading
2025-04-14 04:41:12,208 - werkzeug - INFO -  * Detected change in 'C:\\Users\\revanta.biswas\\Documents\\Projects\\interview-buddy\\backend\\utils.py', reloading
2025-04-14 04:41:12,208 - werkzeug - INFO -  * Detected change in 'C:\\Users\\revanta.biswas\\Documents\\Projects\\interview-buddy\\backend\\utils.py', reloading
2025-04-14 04:41:13,062 - werkzeug - INFO -  * Restarting with watchdog (windowsapi)
2025-04-14 04:41:19,855 - werkzeug - WARNING -  * Debugger is active!
2025-04-14 04:41:19,866 - werkzeug - INFO -  * Debugger PIN: 398-706-576
2025-04-14 04:54:34,088 - werkzeug - INFO - [31m[1mWARNING: This is a development server. Do not use it in a production deployment. Use a production WSGI server instead.[0m
 * Running on all addresses (0.0.0.0)
 * Running on http://127.0.0.1:5000
 * Running on http://192.168.1.252:5000
2025-04-14 04:54:34,088 - werkzeug - INFO - [33mPress CTRL+C to quit[0m
2025-04-14 04:54:34,110 - werkzeug - INFO -  * Restarting with watchdog (windowsapi)
2025-04-14 04:54:39,465 - werkzeug - WARNING -  * Debugger is active!
2025-04-14 04:54:39,468 - werkzeug - INFO -  * Debugger PIN: 398-706-576
2025-04-14 04:55:08,389 - werkzeug - INFO -  * Detected change in 'C:\\Users\\revanta.biswas\\Documents\\Projects\\interview-buddy\\backend\\run.py', reloading
2025-04-14 04:55:08,389 - werkzeug - INFO -  * Detected change in 'C:\\Users\\revanta.biswas\\Documents\\Projects\\interview-buddy\\backend\\run.py', reloading
2025-04-14 04:55:08,389 - werkzeug - INFO -  * Detected change in 'C:\\Users\\revanta.biswas\\Documents\\Projects\\interview-buddy\\backend\\run.py', reloading
2025-04-14 04:55:09,326 - werkzeug - INFO -  * Restarting with watchdog (windowsapi)
2025-04-14 04:55:14,850 - werkzeug - WARNING -  * Debugger is active!
2025-04-14 04:55:14,858 - werkzeug - INFO -  * Debugger PIN: 398-706-576
2025-04-14 04:56:18,959 - werkzeug - INFO -  * Detected change in 'C:\\Users\\revanta.biswas\\Documents\\Projects\\interview-buddy\\backend\\app.py', reloading
2025-04-14 04:56:18,959 - werkzeug - INFO -  * Detected change in 'C:\\Users\\revanta.biswas\\Documents\\Projects\\interview-buddy\\backend\\app.py', reloading
2025-04-14 04:56:18,959 - werkzeug - INFO -  * Detected change in 'C:\\Users\\revanta.biswas\\Documents\\Projects\\interview-buddy\\backend\\app.py', reloading
2025-04-14 04:56:20,061 - werkzeug - INFO -  * Restarting with watchdog (windowsapi)
2025-04-14 04:56:25,672 - werkzeug - WARNING -  * Debugger is active!
2025-04-14 04:56:25,679 - werkzeug - INFO -  * Debugger PIN: 398-706-576
2025-04-14 10:49:52,311 - werkzeug - INFO -  * Detected change in 'C:\\Users\\revanta.biswas\\Documents\\Projects\\interview-buddy\\backend\\agents.py', reloading
2025-04-14 10:49:53,745 - werkzeug - INFO -  * Restarting with watchdog (windowsapi)
2025-04-14 10:50:02,230 - werkzeug - WARNING -  * Debugger is active!
2025-04-14 10:50:02,234 - werkzeug - INFO -  * Debugger PIN: 398-706-576
2025-04-14 10:50:26,933 - werkzeug - INFO -  * Detected change in 'C:\\Users\\revanta.biswas\\Documents\\Projects\\interview-buddy\\backend\\app.py', reloading
2025-04-14 10:50:26,933 - werkzeug - INFO -  * Detected change in 'C:\\Users\\revanta.biswas\\Documents\\Projects\\interview-buddy\\backend\\app.py', reloading
2025-04-14 10:50:28,119 - werkzeug - INFO -  * Restarting with watchdog (windowsapi)
2025-04-14 10:50:33,574 - werkzeug - WARNING -  * Debugger is active!
2025-04-14 10:50:33,577 - werkzeug - INFO -  * Debugger PIN: 398-706-576
2025-04-14 10:51:16,929 - werkzeug - INFO - [31m[1mWARNING: This is a development server. Do not use it in a production deployment. Use a production WSGI server instead.[0m
 * Running on all addresses (0.0.0.0)
 * Running on http://127.0.0.1:3000
 * Running on http://192.168.1.252:3000
2025-04-14 10:51:16,929 - werkzeug - INFO - [33mPress CTRL+C to quit[0m
2025-04-14 10:51:16,945 - werkzeug - INFO -  * Restarting with watchdog (windowsapi)
2025-04-14 10:51:22,023 - werkzeug - WARNING -  * Debugger is active!
2025-04-14 10:51:22,043 - werkzeug - INFO -  * Debugger PIN: 398-706-576
2025-04-14 10:52:23,699 - werkzeug - INFO -  * Detected change in 'C:\\Users\\revanta.biswas\\Documents\\Projects\\interview-buddy\\backend\\app.py', reloading
2025-04-14 10:52:23,699 - werkzeug - INFO -  * Detected change in 'C:\\Users\\revanta.biswas\\Documents\\Projects\\interview-buddy\\backend\\app.py', reloading
2025-04-14 10:52:23,699 - werkzeug - INFO -  * Detected change in 'C:\\Users\\revanta.biswas\\Documents\\Projects\\interview-buddy\\backend\\app.py', reloading
2025-04-14 10:52:25,109 - werkzeug - INFO -  * Restarting with watchdog (windowsapi)
2025-04-14 10:52:30,877 - werkzeug - WARNING -  * Debugger is active!
2025-04-14 10:52:30,881 - werkzeug - INFO -  * Debugger PIN: 398-706-576
2025-04-14 11:04:02,040 - werkzeug - INFO - [31m[1mWARNING: This is a development server. Do not use it in a production deployment. Use a production WSGI server instead.[0m
 * Running on http://127.0.0.1:5000
2025-04-14 11:04:02,040 - werkzeug - INFO - [33mPress CTRL+C to quit[0m
2025-04-14 11:04:02,047 - werkzeug - INFO -  * Restarting with watchdog (windowsapi)
2025-04-14 11:04:07,186 - werkzeug - WARNING -  * Debugger is active!
2025-04-14 11:04:07,186 - werkzeug - INFO -  * Debugger PIN: 398-706-576
2025-04-14 11:04:21,071 - werkzeug - INFO - 127.0.0.1 - - [14/Apr/2025 11:04:21] "[33mGET /api HTTP/1.1[0m" 404 -
2025-04-14 11:04:21,104 - werkzeug - INFO - 127.0.0.1 - - [14/Apr/2025 11:04:21] "[33mGET /favicon.ico HTTP/1.1[0m" 404 -
2025-04-14 11:05:45,840 - werkzeug - INFO - 127.0.0.1 - - [14/Apr/2025 11:05:45] "[33mGET /api HTTP/1.1[0m" 404 -
2025-04-14 11:05:46,517 - werkzeug - INFO - 127.0.0.1 - - [14/Apr/2025 11:05:46] "[33mGET /api HTTP/1.1[0m" 404 -
2025-04-14 11:05:56,745 - werkzeug - INFO - 127.0.0.1 - - [14/Apr/2025 11:05:56] "[33mGET /api HTTP/1.1[0m" 404 -
2025-04-14 11:06:13,434 - werkzeug - INFO - 127.0.0.1 - - [14/Apr/2025 11:06:13] "[33mGET / HTTP/1.1[0m" 404 -
2025-04-14 11:06:14,469 - werkzeug - INFO - 127.0.0.1 - - [14/Apr/2025 11:06:14] "[33mGET / HTTP/1.1[0m" 404 -
2025-04-14 11:06:14,675 - werkzeug - INFO - 127.0.0.1 - - [14/Apr/2025 11:06:14] "[33mGET / HTTP/1.1[0m" 404 -
2025-04-14 11:06:44,684 - werkzeug - INFO - 127.0.0.1 - - [14/Apr/2025 11:06:44] "GET /api/documents HTTP/1.1" 200 -
2025-04-14 11:09:29,737 - werkzeug - INFO - 127.0.0.1 - - [14/Apr/2025 11:09:29] "[33mGET /api/chats HTTP/1.1[0m" 404 -
2025-04-14 11:09:33,126 - werkzeug - INFO - 127.0.0.1 - - [14/Apr/2025 11:09:33] "[33mGET /api/chats HTTP/1.1[0m" 404 -
2025-04-14 11:09:42,538 - werkzeug - INFO - 127.0.0.1 - - [14/Apr/2025 11:09:42] "[33mGET /api/chat HTTP/1.1[0m" 404 -
2025-04-14 11:14:39,393 - werkzeug - INFO -  * Detected change in 'C:\\Users\\revanta.biswas\\Documents\\Projects\\interview-buddy\\backend\\agents.py', reloading
2025-04-14 11:14:39,393 - werkzeug - INFO -  * Detected change in 'C:\\Users\\revanta.biswas\\Documents\\Projects\\interview-buddy\\backend\\agents.py', reloading
2025-04-14 11:14:40,993 - werkzeug - INFO -  * Restarting with watchdog (windowsapi)
2025-04-14 11:15:28,256 - werkzeug - INFO -  * Restarting with watchdog (windowsapi)
2025-04-14 11:20:09,602 - werkzeug - INFO -  * Restarting with watchdog (windowsapi)
2025-04-14 11:20:21,892 - werkzeug - INFO -  * Restarting with watchdog (windowsapi)
2025-04-14 11:20:29,841 - werkzeug - INFO -  * Restarting with watchdog (windowsapi)
2025-04-14 11:21:04,525 - werkzeug - INFO -  * Restarting with watchdog (windowsapi)
2025-04-14 11:21:14,726 - werkzeug - INFO -  * Restarting with watchdog (windowsapi)
2025-04-14 11:21:37,810 - werkzeug - INFO -  * Restarting with watchdog (windowsapi)
2025-04-14 11:21:48,278 - werkzeug - INFO -  * Restarting with watchdog (windowsapi)
2025-04-14 11:22:39,264 - werkzeug - INFO -  * Restarting with watchdog (windowsapi)
